2025-04-23 17:02:07,245 - pyswarms.single.global_best - INFO - Optimize for 200 iters with {'c1': 0.5, 'c2': 0.3, 'w': 0.9}
2025-04-23 17:02:07,357 - pyswarms.single.global_best - INFO - Optimization finished | best cost: 1.212525339202119e-10, best pos: [-8.23279154e-06  7.31256983e-06]
2025-04-23 17:07:31,523 - pyswarms.single.global_best - INFO - Optimize for 75 iters with {'c1': 0.5, 'c2': 0.3, 'w': 0.9}
2025-04-23 17:07:31,567 - pyswarms.single.global_best - INFO - Optimization finished | best cost: 8.217974254804007e-07, best pos: [-9.03197025e-04 -7.76695538e-05]
2025-04-23 17:08:15,540 - pyswarms.single.global_best - INFO - Optimize for 200 iters with {'c1': 0.5, 'c2': 0.3, 'w': 0.9}
2025-04-23 17:08:15,700 - pyswarms.single.global_best - INFO - Optimization finished | best cost: 1.6484354728230126e-13, best pos: [ 3.47911901e-07 -2.09286541e-07]
2025-04-23 17:09:31,509 - pyswarms.single.global_best - INFO - Optimize for 50 iters with {'c1': 0.5, 'c2': 0.3, 'w': 0.5}
2025-04-23 17:09:31,561 - pyswarms.single.global_best - INFO - Optimization finished | best cost: 0.001529704336145414, best pos: [0.00603531 0.03864297]
2025-04-23 17:09:35,822 - matplotlib.animation - WARNING - MovieWriter imagemagick unavailable; using Pillow instead.
2025-04-23 17:09:35,823 - matplotlib.animation - INFO - Animation.save using <class 'matplotlib.animation.PillowWriter'>
2025-04-23 17:11:02,369 - pyswarms.single.global_best - INFO - Optimize for 50 iters with {'c1': 0.5, 'c2': 0.9, 'w': 0.5}
2025-04-23 17:11:02,409 - pyswarms.single.global_best - INFO - Optimization finished | best cost: 2.0385830374527184e-15, best pos: [-3.59782561e-08 -2.72790785e-08]
2025-04-23 17:11:06,391 - matplotlib.animation - WARNING - MovieWriter imagemagick unavailable; using Pillow instead.
2025-04-23 17:11:06,392 - matplotlib.animation - INFO - Animation.save using <class 'matplotlib.animation.PillowWriter'>
2025-04-23 17:12:39,109 - pyswarms.single.global_best - INFO - Optimize for 50 iters with {'c1': 0.1, 'c2': 2, 'w': 0.5}
2025-04-23 17:12:39,152 - pyswarms.single.global_best - INFO - Optimization finished | best cost: 1.882593793687384e-12, best pos: [-1.31570638e-06 -3.89243513e-07]
2025-04-23 17:12:43,048 - matplotlib.animation - WARNING - MovieWriter imagemagick unavailable; using Pillow instead.
2025-04-23 17:12:43,048 - matplotlib.animation - INFO - Animation.save using <class 'matplotlib.animation.PillowWriter'>
2025-04-23 17:14:18,030 - pyswarms.single.global_best - INFO - Optimize for 50 iters with {'c1': 0.1, 'c2': 2, 'w': 0.1}
2025-04-23 17:14:18,066 - pyswarms.single.global_best - INFO - Optimization finished | best cost: 1.241433474344177e-22, best pos: [-1.52425539e-12  1.10372095e-11]
2025-04-23 17:14:23,059 - matplotlib.animation - WARNING - MovieWriter imagemagick unavailable; using Pillow instead.
2025-04-23 17:14:23,059 - matplotlib.animation - INFO - Animation.save using <class 'matplotlib.animation.PillowWriter'>
2025-04-23 17:15:07,344 - pyswarms.single.global_best - INFO - Optimize for 50 iters with {'c1': 2, 'c2': 0.4, 'w': 0.5}
2025-04-23 17:15:07,392 - pyswarms.single.global_best - INFO - Optimization finished | best cost: 8.523504588803754e-15, best pos: [ 9.07059036e-08 -1.72030123e-08]
2025-04-23 17:15:11,245 - matplotlib.animation - WARNING - MovieWriter imagemagick unavailable; using Pillow instead.
2025-04-23 17:15:11,246 - matplotlib.animation - INFO - Animation.save using <class 'matplotlib.animation.PillowWriter'>
2025-04-23 17:17:27,940 - pyswarms.single.global_best - INFO - Optimize for 50 iters with {'c1': 0.5, 'c2': 0.3, 'w': 2.0}
2025-04-23 17:17:27,981 - pyswarms.single.global_best - INFO - Optimization finished | best cost: 0.03452302501366463, best pos: [0.03787921 0.1819016 ]
2025-04-23 17:17:32,104 - matplotlib.animation - WARNING - MovieWriter imagemagick unavailable; using Pillow instead.
2025-04-23 17:17:32,105 - matplotlib.animation - INFO - Animation.save using <class 'matplotlib.animation.PillowWriter'>
2025-04-23 17:22:57,993 - pyswarms.single.global_best - INFO - Optimize for 50 iters with {'c1': 0.5, 'c2': 0.3, 'w': 0.1}
2025-04-23 17:22:58,029 - pyswarms.single.global_best - INFO - Optimization finished | best cost: 0.13220968651638873, best pos: [0.1466628  0.33271566]
2025-04-23 17:23:02,622 - matplotlib.animation - WARNING - MovieWriter imagemagick unavailable; using Pillow instead.
2025-04-23 17:23:02,623 - matplotlib.animation - INFO - Animation.save using <class 'matplotlib.animation.PillowWriter'>
